2022-03-28 21:48:06 INFO  Log:11 - =====================================Get_Job_Identifier() TEST START=========================================
2022-03-28 21:48:06 INFO  Log:24 - /hash endpoing being hit along with a valid Payload
2022-03-28 21:48:08 DEBUG BasicClientConnectionManager:161 - Get connection for route {}->http://localhost:8088
2022-03-28 21:48:08 DEBUG DefaultClientConnectionOperator:177 - Connecting to localhost:8088
2022-03-28 21:48:08 DEBUG RequestAddCookies:123 - CookieSpec selected: ignoreCookies
2022-03-28 21:48:08 DEBUG RequestAuthCache:77 - Auth cache not set in the context
2022-03-28 21:48:08 DEBUG RequestTargetAuthentication:80 - Target auth state: UNCHALLENGED
2022-03-28 21:48:08 DEBUG RequestProxyAuthentication:89 - Proxy auth state: UNCHALLENGED
2022-03-28 21:48:08 DEBUG DefaultHttpClient:677 - Attempt 1 to execute request
2022-03-28 21:48:08 DEBUG DefaultClientConnection:274 - Sending request: POST /hash HTTP/1.1
2022-03-28 21:48:08 DEBUG wire:73 -  >> "POST /hash HTTP/1.1[\r][\n]"
2022-03-28 21:48:08 DEBUG wire:73 -  >> "Accept: application/json[\r][\n]"
2022-03-28 21:48:08 DEBUG wire:73 -  >> "Content-Type: text/plain; charset=ISO-8859-1[\r][\n]"
2022-03-28 21:48:08 DEBUG wire:73 -  >> "Content-Length: 27[\r][\n]"
2022-03-28 21:48:08 DEBUG wire:73 -  >> "Host: localhost:8088[\r][\n]"
2022-03-28 21:48:08 DEBUG wire:73 -  >> "Connection: Keep-Alive[\r][\n]"
2022-03-28 21:48:08 DEBUG wire:73 -  >> "User-Agent: Apache-HttpClient/4.5.13 (Java/1.8.0_261)[\r][\n]"
2022-03-28 21:48:08 DEBUG wire:73 -  >> "Accept-Encoding: gzip,deflate[\r][\n]"
2022-03-28 21:48:08 DEBUG wire:73 -  >> "[\r][\n]"
2022-03-28 21:48:08 DEBUG headers:278 - >> POST /hash HTTP/1.1
2022-03-28 21:48:08 DEBUG headers:281 - >> Accept: application/json
2022-03-28 21:48:08 DEBUG headers:281 - >> Content-Type: text/plain; charset=ISO-8859-1
2022-03-28 21:48:08 DEBUG headers:281 - >> Content-Length: 27
2022-03-28 21:48:08 DEBUG headers:281 - >> Host: localhost:8088
2022-03-28 21:48:08 DEBUG headers:281 - >> Connection: Keep-Alive
2022-03-28 21:48:08 DEBUG headers:281 - >> User-Agent: Apache-HttpClient/4.5.13 (Java/1.8.0_261)
2022-03-28 21:48:08 DEBUG headers:281 - >> Accept-Encoding: gzip,deflate
2022-03-28 21:48:08 DEBUG wire:87 -  >> "{ "password":"angrymonkey"}"
2022-03-28 21:48:13 DEBUG wire:73 -  << "HTTP/1.1 200 OK[\r][\n]"
2022-03-28 21:48:13 DEBUG wire:73 -  << "Date: Mon, 28 Mar 2022 16:18:13 GMT[\r][\n]"
2022-03-28 21:48:13 DEBUG wire:73 -  << "Content-Length: 1[\r][\n]"
2022-03-28 21:48:13 DEBUG wire:73 -  << "Content-Type: text/plain; charset=utf-8[\r][\n]"
2022-03-28 21:48:13 DEBUG wire:73 -  << "[\r][\n]"
2022-03-28 21:48:13 DEBUG DefaultClientConnection:259 - Receiving response: HTTP/1.1 200 OK
2022-03-28 21:48:13 DEBUG headers:262 - << HTTP/1.1 200 OK
2022-03-28 21:48:13 DEBUG headers:265 - << Date: Mon, 28 Mar 2022 16:18:13 GMT
2022-03-28 21:48:13 DEBUG headers:265 - << Content-Length: 1
2022-03-28 21:48:13 DEBUG headers:265 - << Content-Type: text/plain; charset=utf-8
2022-03-28 21:48:13 DEBUG DefaultHttpClient:504 - Connection can be kept alive indefinitely
2022-03-28 21:48:13 DEBUG RequestSpecificationImpl$RestAssuredHttpBuilder:545 - Parsing response as: text/plain; charset=utf-8
2022-03-28 21:48:13 DEBUG RequestSpecificationImpl$RestAssuredHttpBuilder:548 - Parsed data to instance of: class org.apache.http.conn.EofSensorInputStream
2022-03-28 21:48:13 DEBUG wire:87 -  << "1"
2022-03-28 21:48:13 DEBUG BasicClientConnectionManager:200 - Releasing connection org.apache.http.impl.conn.ManagedClientConnectionImpl@4d4d48a6
2022-03-28 21:48:13 DEBUG BasicClientConnectionManager:225 - Connection can be kept alive indefinitely
2022-03-28 21:48:13 INFO  Log:24 - STATUS CODE 200 RETURNED
2022-03-28 21:48:13 INFO  Log:16 - =====================================Get_Job_Identifier() TEST END=========================================
2022-03-28 21:48:13 INFO  Log:11 - =====================================Job_Identifier_Immediate_Return() TEST START=========================================
2022-03-28 21:48:13 INFO  Log:24 - RESPONE TOOK LONGER THAN 2 SECONDS TO RETURN. TESTCASE FAILED
2022-03-28 21:48:13 INFO  Log:16 - =====================================Job_Identifier_Immediate_Return() TEST END=========================================
2022-03-28 21:48:13 INFO  Log:11 - =====================================noBodyinJson() TEST START=========================================
2022-03-28 21:48:13 DEBUG BasicClientConnectionManager:161 - Get connection for route {}->http://localhost:8088
2022-03-28 21:48:13 DEBUG DefaultClientConnectionOperator:177 - Connecting to localhost:8088
2022-03-28 21:48:13 DEBUG RequestAddCookies:123 - CookieSpec selected: ignoreCookies
2022-03-28 21:48:13 DEBUG RequestAuthCache:77 - Auth cache not set in the context
2022-03-28 21:48:13 DEBUG RequestTargetAuthentication:80 - Target auth state: UNCHALLENGED
2022-03-28 21:48:13 DEBUG RequestProxyAuthentication:89 - Proxy auth state: UNCHALLENGED
2022-03-28 21:48:13 DEBUG DefaultHttpClient:677 - Attempt 1 to execute request
2022-03-28 21:48:13 DEBUG DefaultClientConnection:274 - Sending request: POST /hash HTTP/1.1
2022-03-28 21:48:13 DEBUG wire:73 -  >> "POST /hash HTTP/1.1[\r][\n]"
2022-03-28 21:48:13 DEBUG wire:73 -  >> "Accept: application/json[\r][\n]"
2022-03-28 21:48:13 DEBUG wire:73 -  >> "Content-Type: text/plain; charset=ISO-8859-1[\r][\n]"
2022-03-28 21:48:13 DEBUG wire:73 -  >> "Content-Length: 27[\r][\n]"
2022-03-28 21:48:13 DEBUG wire:73 -  >> "Host: localhost:8088[\r][\n]"
2022-03-28 21:48:13 DEBUG wire:73 -  >> "Connection: Keep-Alive[\r][\n]"
2022-03-28 21:48:13 DEBUG wire:73 -  >> "User-Agent: Apache-HttpClient/4.5.13 (Java/1.8.0_261)[\r][\n]"
2022-03-28 21:48:13 DEBUG wire:73 -  >> "Accept-Encoding: gzip,deflate[\r][\n]"
2022-03-28 21:48:13 DEBUG wire:73 -  >> "[\r][\n]"
2022-03-28 21:48:13 DEBUG headers:278 - >> POST /hash HTTP/1.1
2022-03-28 21:48:13 DEBUG headers:281 - >> Accept: application/json
2022-03-28 21:48:13 DEBUG headers:281 - >> Content-Type: text/plain; charset=ISO-8859-1
2022-03-28 21:48:13 DEBUG headers:281 - >> Content-Length: 27
2022-03-28 21:48:13 DEBUG headers:281 - >> Host: localhost:8088
2022-03-28 21:48:13 DEBUG headers:281 - >> Connection: Keep-Alive
2022-03-28 21:48:13 DEBUG headers:281 - >> User-Agent: Apache-HttpClient/4.5.13 (Java/1.8.0_261)
2022-03-28 21:48:13 DEBUG headers:281 - >> Accept-Encoding: gzip,deflate
2022-03-28 21:48:13 DEBUG wire:87 -  >> "{ "password":"angrymonkey"}"
2022-03-28 21:48:18 DEBUG wire:73 -  << "HTTP/1.1 200 OK[\r][\n]"
2022-03-28 21:48:18 DEBUG wire:73 -  << "Date: Mon, 28 Mar 2022 16:18:18 GMT[\r][\n]"
2022-03-28 21:48:18 DEBUG wire:73 -  << "Content-Length: 1[\r][\n]"
2022-03-28 21:48:18 DEBUG wire:73 -  << "Content-Type: text/plain; charset=utf-8[\r][\n]"
2022-03-28 21:48:18 DEBUG wire:73 -  << "[\r][\n]"
2022-03-28 21:48:18 DEBUG DefaultClientConnection:259 - Receiving response: HTTP/1.1 200 OK
2022-03-28 21:48:18 DEBUG headers:262 - << HTTP/1.1 200 OK
2022-03-28 21:48:18 DEBUG headers:265 - << Date: Mon, 28 Mar 2022 16:18:18 GMT
2022-03-28 21:48:18 DEBUG headers:265 - << Content-Length: 1
2022-03-28 21:48:18 DEBUG headers:265 - << Content-Type: text/plain; charset=utf-8
2022-03-28 21:48:18 DEBUG DefaultHttpClient:504 - Connection can be kept alive indefinitely
2022-03-28 21:48:18 DEBUG RequestSpecificationImpl$RestAssuredHttpBuilder:545 - Parsing response as: text/plain; charset=utf-8
2022-03-28 21:48:18 DEBUG RequestSpecificationImpl$RestAssuredHttpBuilder:548 - Parsed data to instance of: class org.apache.http.conn.EofSensorInputStream
2022-03-28 21:48:18 DEBUG wire:87 -  << "2"
2022-03-28 21:48:18 DEBUG BasicClientConnectionManager:200 - Releasing connection org.apache.http.impl.conn.ManagedClientConnectionImpl@3b718392
2022-03-28 21:48:18 DEBUG BasicClientConnectionManager:225 - Connection can be kept alive indefinitely
2022-03-28 21:48:18 INFO  Log:24 - FAIL
2022-03-28 21:48:18 INFO  Log:16 - =====================================noBodyinJson() TEST END=========================================
2022-03-28 21:48:18 INFO  Log:11 - =====================================empty_password() TEST START=========================================
2022-03-28 21:48:18 INFO  Log:24 - VALUE OF PASSWORD IS EMPTY
2022-03-28 21:48:18 DEBUG BasicClientConnectionManager:161 - Get connection for route {}->http://localhost:8088
2022-03-28 21:48:18 DEBUG DefaultClientConnectionOperator:177 - Connecting to localhost:8088
2022-03-28 21:48:18 DEBUG RequestAddCookies:123 - CookieSpec selected: ignoreCookies
2022-03-28 21:48:18 DEBUG RequestAuthCache:77 - Auth cache not set in the context
2022-03-28 21:48:18 DEBUG RequestTargetAuthentication:80 - Target auth state: UNCHALLENGED
2022-03-28 21:48:18 DEBUG RequestProxyAuthentication:89 - Proxy auth state: UNCHALLENGED
2022-03-28 21:48:18 DEBUG DefaultHttpClient:677 - Attempt 1 to execute request
2022-03-28 21:48:18 DEBUG DefaultClientConnection:274 - Sending request: POST /hash HTTP/1.1
2022-03-28 21:48:18 DEBUG wire:73 -  >> "POST /hash HTTP/1.1[\r][\n]"
2022-03-28 21:48:18 DEBUG wire:73 -  >> "Accept: application/json[\r][\n]"
2022-03-28 21:48:18 DEBUG wire:73 -  >> "Content-Type: text/plain; charset=ISO-8859-1[\r][\n]"
2022-03-28 21:48:18 DEBUG wire:73 -  >> "Content-Length: 16[\r][\n]"
2022-03-28 21:48:18 DEBUG wire:73 -  >> "Host: localhost:8088[\r][\n]"
2022-03-28 21:48:18 DEBUG wire:73 -  >> "Connection: Keep-Alive[\r][\n]"
2022-03-28 21:48:18 DEBUG wire:73 -  >> "User-Agent: Apache-HttpClient/4.5.13 (Java/1.8.0_261)[\r][\n]"
2022-03-28 21:48:18 DEBUG wire:73 -  >> "Accept-Encoding: gzip,deflate[\r][\n]"
2022-03-28 21:48:18 DEBUG wire:73 -  >> "[\r][\n]"
2022-03-28 21:48:18 DEBUG headers:278 - >> POST /hash HTTP/1.1
2022-03-28 21:48:18 DEBUG headers:281 - >> Accept: application/json
2022-03-28 21:48:18 DEBUG headers:281 - >> Content-Type: text/plain; charset=ISO-8859-1
2022-03-28 21:48:18 DEBUG headers:281 - >> Content-Length: 16
2022-03-28 21:48:18 DEBUG headers:281 - >> Host: localhost:8088
2022-03-28 21:48:18 DEBUG headers:281 - >> Connection: Keep-Alive
2022-03-28 21:48:18 DEBUG headers:281 - >> User-Agent: Apache-HttpClient/4.5.13 (Java/1.8.0_261)
2022-03-28 21:48:18 DEBUG headers:281 - >> Accept-Encoding: gzip,deflate
2022-03-28 21:48:18 DEBUG wire:87 -  >> "{ "password":""}"
2022-03-28 21:48:23 DEBUG wire:73 -  << "HTTP/1.1 200 OK[\r][\n]"
2022-03-28 21:48:23 DEBUG wire:73 -  << "Date: Mon, 28 Mar 2022 16:18:23 GMT[\r][\n]"
2022-03-28 21:48:23 DEBUG wire:73 -  << "Content-Length: 1[\r][\n]"
2022-03-28 21:48:23 DEBUG wire:73 -  << "Content-Type: text/plain; charset=utf-8[\r][\n]"
2022-03-28 21:48:23 DEBUG wire:73 -  << "[\r][\n]"
2022-03-28 21:48:23 DEBUG DefaultClientConnection:259 - Receiving response: HTTP/1.1 200 OK
2022-03-28 21:48:23 DEBUG headers:262 - << HTTP/1.1 200 OK
2022-03-28 21:48:23 DEBUG headers:265 - << Date: Mon, 28 Mar 2022 16:18:23 GMT
2022-03-28 21:48:23 DEBUG headers:265 - << Content-Length: 1
2022-03-28 21:48:23 DEBUG headers:265 - << Content-Type: text/plain; charset=utf-8
2022-03-28 21:48:23 DEBUG DefaultHttpClient:504 - Connection can be kept alive indefinitely
2022-03-28 21:48:23 DEBUG RequestSpecificationImpl$RestAssuredHttpBuilder:545 - Parsing response as: text/plain; charset=utf-8
2022-03-28 21:48:23 DEBUG RequestSpecificationImpl$RestAssuredHttpBuilder:548 - Parsed data to instance of: class org.apache.http.conn.EofSensorInputStream
2022-03-28 21:48:23 DEBUG wire:87 -  << "3"
2022-03-28 21:48:23 DEBUG BasicClientConnectionManager:200 - Releasing connection org.apache.http.impl.conn.ManagedClientConnectionImpl@7726e185
2022-03-28 21:48:23 DEBUG BasicClientConnectionManager:225 - Connection can be kept alive indefinitely
2022-03-28 21:48:23 INFO  Log:24 - FAIL
2022-03-28 21:48:23 INFO  Log:16 - =====================================empty_password() TEST END=========================================
2022-03-28 21:48:23 DEBUG BasicClientConnectionManager:161 - Get connection for route {}->http://localhost:8088
2022-03-28 21:48:23 DEBUG DefaultClientConnectionOperator:177 - Connecting to localhost:8088
2022-03-28 21:48:23 DEBUG RequestAddCookies:123 - CookieSpec selected: ignoreCookies
2022-03-28 21:48:23 DEBUG RequestAuthCache:77 - Auth cache not set in the context
2022-03-28 21:48:23 DEBUG RequestTargetAuthentication:80 - Target auth state: UNCHALLENGED
2022-03-28 21:48:23 DEBUG RequestProxyAuthentication:89 - Proxy auth state: UNCHALLENGED
2022-03-28 21:48:23 DEBUG DefaultHttpClient:677 - Attempt 1 to execute request
2022-03-28 21:48:23 DEBUG DefaultClientConnection:274 - Sending request: POST /hash HTTP/1.1
2022-03-28 21:48:23 DEBUG wire:73 -  >> "POST /hash HTTP/1.1[\r][\n]"
2022-03-28 21:48:23 DEBUG wire:73 -  >> "Accept: application/json[\r][\n]"
2022-03-28 21:48:23 DEBUG wire:73 -  >> "Content-Type: text/plain; charset=ISO-8859-1[\r][\n]"
2022-03-28 21:48:23 DEBUG wire:73 -  >> "Content-Length: 27[\r][\n]"
2022-03-28 21:48:23 DEBUG wire:73 -  >> "Host: localhost:8088[\r][\n]"
2022-03-28 21:48:23 DEBUG wire:73 -  >> "Connection: Keep-Alive[\r][\n]"
2022-03-28 21:48:23 DEBUG wire:73 -  >> "User-Agent: Apache-HttpClient/4.5.13 (Java/1.8.0_261)[\r][\n]"
2022-03-28 21:48:23 DEBUG wire:73 -  >> "Accept-Encoding: gzip,deflate[\r][\n]"
2022-03-28 21:48:23 DEBUG wire:73 -  >> "[\r][\n]"
2022-03-28 21:48:23 DEBUG headers:278 - >> POST /hash HTTP/1.1
2022-03-28 21:48:23 DEBUG headers:281 - >> Accept: application/json
2022-03-28 21:48:23 DEBUG headers:281 - >> Content-Type: text/plain; charset=ISO-8859-1
2022-03-28 21:48:23 DEBUG headers:281 - >> Content-Length: 27
2022-03-28 21:48:23 DEBUG headers:281 - >> Host: localhost:8088
2022-03-28 21:48:23 DEBUG headers:281 - >> Connection: Keep-Alive
2022-03-28 21:48:23 DEBUG headers:281 - >> User-Agent: Apache-HttpClient/4.5.13 (Java/1.8.0_261)
2022-03-28 21:48:23 DEBUG headers:281 - >> Accept-Encoding: gzip,deflate
2022-03-28 21:48:23 DEBUG wire:87 -  >> "{ "password":"angrymonkey"}"
2022-03-28 21:48:28 DEBUG wire:73 -  << "HTTP/1.1 200 OK[\r][\n]"
2022-03-28 21:48:28 DEBUG wire:73 -  << "Date: Mon, 28 Mar 2022 16:18:28 GMT[\r][\n]"
2022-03-28 21:48:28 DEBUG wire:73 -  << "Content-Length: 1[\r][\n]"
2022-03-28 21:48:28 DEBUG wire:73 -  << "Content-Type: text/plain; charset=utf-8[\r][\n]"
2022-03-28 21:48:28 DEBUG wire:73 -  << "[\r][\n]"
2022-03-28 21:48:28 DEBUG DefaultClientConnection:259 - Receiving response: HTTP/1.1 200 OK
2022-03-28 21:48:28 DEBUG headers:262 - << HTTP/1.1 200 OK
2022-03-28 21:48:28 DEBUG headers:265 - << Date: Mon, 28 Mar 2022 16:18:28 GMT
2022-03-28 21:48:28 DEBUG headers:265 - << Content-Length: 1
2022-03-28 21:48:28 DEBUG headers:265 - << Content-Type: text/plain; charset=utf-8
2022-03-28 21:48:28 DEBUG DefaultHttpClient:504 - Connection can be kept alive indefinitely
2022-03-28 21:48:28 DEBUG RequestSpecificationImpl$RestAssuredHttpBuilder:545 - Parsing response as: text/plain; charset=utf-8
2022-03-28 21:48:28 DEBUG RequestSpecificationImpl$RestAssuredHttpBuilder:548 - Parsed data to instance of: class org.apache.http.conn.EofSensorInputStream
2022-03-28 21:48:28 DEBUG wire:87 -  << "4"
2022-03-28 21:48:28 DEBUG BasicClientConnectionManager:200 - Releasing connection org.apache.http.impl.conn.ManagedClientConnectionImpl@20765ed5
2022-03-28 21:48:28 DEBUG BasicClientConnectionManager:225 - Connection can be kept alive indefinitely
2022-03-28 21:48:28 INFO  Log:11 - =====================================Get_Base64_Password() TEST START=========================================
2022-03-28 21:48:28 DEBUG BasicClientConnectionManager:161 - Get connection for route {}->http://localhost:8088
2022-03-28 21:48:28 DEBUG DefaultClientConnectionOperator:177 - Connecting to localhost:8088
2022-03-28 21:48:28 DEBUG RequestAddCookies:123 - CookieSpec selected: ignoreCookies
2022-03-28 21:48:28 DEBUG RequestAuthCache:77 - Auth cache not set in the context
2022-03-28 21:48:28 DEBUG RequestTargetAuthentication:80 - Target auth state: UNCHALLENGED
2022-03-28 21:48:28 DEBUG RequestProxyAuthentication:89 - Proxy auth state: UNCHALLENGED
2022-03-28 21:48:28 DEBUG DefaultHttpClient:677 - Attempt 1 to execute request
2022-03-28 21:48:28 DEBUG DefaultClientConnection:274 - Sending request: GET /hash/4 HTTP/1.1
2022-03-28 21:48:28 DEBUG wire:73 -  >> "GET /hash/4 HTTP/1.1[\r][\n]"
2022-03-28 21:48:28 DEBUG wire:73 -  >> "Accept: application/json[\r][\n]"
2022-03-28 21:48:28 DEBUG wire:73 -  >> "Content-Type: text/plain; charset=ISO-8859-1[\r][\n]"
2022-03-28 21:48:28 DEBUG wire:73 -  >> "Content-Length: 27[\r][\n]"
2022-03-28 21:48:28 DEBUG wire:73 -  >> "Host: localhost:8088[\r][\n]"
2022-03-28 21:48:29 DEBUG wire:73 -  >> "Connection: Keep-Alive[\r][\n]"
2022-03-28 21:48:29 DEBUG wire:73 -  >> "User-Agent: Apache-HttpClient/4.5.13 (Java/1.8.0_261)[\r][\n]"
2022-03-28 21:48:29 DEBUG wire:73 -  >> "Accept-Encoding: gzip,deflate[\r][\n]"
2022-03-28 21:48:29 DEBUG wire:73 -  >> "[\r][\n]"
2022-03-28 21:48:29 DEBUG headers:278 - >> GET /hash/4 HTTP/1.1
2022-03-28 21:48:29 DEBUG headers:281 - >> Accept: application/json
2022-03-28 21:48:29 DEBUG headers:281 - >> Content-Type: text/plain; charset=ISO-8859-1
2022-03-28 21:48:29 DEBUG headers:281 - >> Content-Length: 27
2022-03-28 21:48:29 DEBUG headers:281 - >> Host: localhost:8088
2022-03-28 21:48:29 DEBUG headers:281 - >> Connection: Keep-Alive
2022-03-28 21:48:29 DEBUG headers:281 - >> User-Agent: Apache-HttpClient/4.5.13 (Java/1.8.0_261)
2022-03-28 21:48:29 DEBUG headers:281 - >> Accept-Encoding: gzip,deflate
2022-03-28 21:48:29 DEBUG wire:87 -  >> "{ "password":"angrymonkey"}"
2022-03-28 21:48:29 DEBUG wire:73 -  << "HTTP/1.1 200 OK[\r][\n]"
2022-03-28 21:48:29 DEBUG wire:73 -  << "Date: Mon, 28 Mar 2022 16:18:29 GMT[\r][\n]"
2022-03-28 21:48:29 DEBUG wire:73 -  << "Content-Length: 88[\r][\n]"
2022-03-28 21:48:29 DEBUG wire:73 -  << "Content-Type: text/plain; charset=utf-8[\r][\n]"
2022-03-28 21:48:29 DEBUG wire:73 -  << "[\r][\n]"
2022-03-28 21:48:29 DEBUG DefaultClientConnection:259 - Receiving response: HTTP/1.1 200 OK
2022-03-28 21:48:29 DEBUG headers:262 - << HTTP/1.1 200 OK
2022-03-28 21:48:29 DEBUG headers:265 - << Date: Mon, 28 Mar 2022 16:18:29 GMT
2022-03-28 21:48:29 DEBUG headers:265 - << Content-Length: 88
2022-03-28 21:48:29 DEBUG headers:265 - << Content-Type: text/plain; charset=utf-8
2022-03-28 21:48:29 DEBUG DefaultHttpClient:504 - Connection can be kept alive indefinitely
2022-03-28 21:48:29 DEBUG RequestSpecificationImpl$RestAssuredHttpBuilder:545 - Parsing response as: text/plain; charset=utf-8
2022-03-28 21:48:29 DEBUG RequestSpecificationImpl$RestAssuredHttpBuilder:548 - Parsed data to instance of: class org.apache.http.conn.EofSensorInputStream
2022-03-28 21:48:29 DEBUG wire:87 -  << "NN0PAKtieayiTY8/Qd53AeMzHkbvZDdwYYiDnwtDdv/FIWvcy1sKCb7qi7Nu8Q8Cd/MqjQeyCI0pWKDGp74A1g=="
2022-03-28 21:48:29 DEBUG BasicClientConnectionManager:200 - Releasing connection org.apache.http.impl.conn.ManagedClientConnectionImpl@1162410a
2022-03-28 21:48:29 DEBUG BasicClientConnectionManager:225 - Connection can be kept alive indefinitely
2022-03-28 21:48:29 INFO  Log:24 - BASE64 ENCODED PASSWORD RETURNED SUCCESSFULLY
2022-03-28 21:48:29 INFO  Log:16 - =====================================Get_Base64_Password() TEST END=========================================
2022-03-28 21:48:29 INFO  Log:11 - =====================================void Get_request_fail_withNo_job_iD( TEST START=========================================
2022-03-28 21:48:29 DEBUG BasicClientConnectionManager:161 - Get connection for route {}->http://localhost:8088
2022-03-28 21:48:29 DEBUG DefaultClientConnectionOperator:177 - Connecting to localhost:8088
2022-03-28 21:48:29 DEBUG RequestAddCookies:123 - CookieSpec selected: ignoreCookies
2022-03-28 21:48:29 DEBUG RequestAuthCache:77 - Auth cache not set in the context
2022-03-28 21:48:29 DEBUG RequestTargetAuthentication:80 - Target auth state: UNCHALLENGED
2022-03-28 21:48:29 DEBUG RequestProxyAuthentication:89 - Proxy auth state: UNCHALLENGED
2022-03-28 21:48:29 DEBUG DefaultHttpClient:677 - Attempt 1 to execute request
2022-03-28 21:48:29 DEBUG DefaultClientConnection:274 - Sending request: GET /hash HTTP/1.1
2022-03-28 21:48:29 DEBUG wire:73 -  >> "GET /hash HTTP/1.1[\r][\n]"
2022-03-28 21:48:29 DEBUG wire:73 -  >> "Accept: application/json[\r][\n]"
2022-03-28 21:48:29 DEBUG wire:73 -  >> "Content-Type: text/plain; charset=ISO-8859-1[\r][\n]"
2022-03-28 21:48:29 DEBUG wire:73 -  >> "Content-Length: 27[\r][\n]"
2022-03-28 21:48:29 DEBUG wire:73 -  >> "Host: localhost:8088[\r][\n]"
2022-03-28 21:48:29 DEBUG wire:73 -  >> "Connection: Keep-Alive[\r][\n]"
2022-03-28 21:48:29 DEBUG wire:73 -  >> "User-Agent: Apache-HttpClient/4.5.13 (Java/1.8.0_261)[\r][\n]"
2022-03-28 21:48:29 DEBUG wire:73 -  >> "Accept-Encoding: gzip,deflate[\r][\n]"
2022-03-28 21:48:29 DEBUG wire:73 -  >> "[\r][\n]"
2022-03-28 21:48:29 DEBUG headers:278 - >> GET /hash HTTP/1.1
2022-03-28 21:48:29 DEBUG headers:281 - >> Accept: application/json
2022-03-28 21:48:29 DEBUG headers:281 - >> Content-Type: text/plain; charset=ISO-8859-1
2022-03-28 21:48:29 DEBUG headers:281 - >> Content-Length: 27
2022-03-28 21:48:29 DEBUG headers:281 - >> Host: localhost:8088
2022-03-28 21:48:29 DEBUG headers:281 - >> Connection: Keep-Alive
2022-03-28 21:48:29 DEBUG headers:281 - >> User-Agent: Apache-HttpClient/4.5.13 (Java/1.8.0_261)
2022-03-28 21:48:29 DEBUG headers:281 - >> Accept-Encoding: gzip,deflate
2022-03-28 21:48:29 DEBUG wire:87 -  >> "{ "password":"angrymonkey"}"
2022-03-28 21:48:29 DEBUG wire:73 -  << "HTTP/1.1 405 Method Not Allowed[\r][\n]"
2022-03-28 21:48:29 DEBUG wire:73 -  << "Allow: POST[\r][\n]"
2022-03-28 21:48:29 DEBUG wire:73 -  << "Content-Type: text/plain; charset=utf-8[\r][\n]"
2022-03-28 21:48:29 DEBUG wire:73 -  << "X-Content-Type-Options: nosniff[\r][\n]"
2022-03-28 21:48:29 DEBUG wire:73 -  << "Date: Mon, 28 Mar 2022 16:18:29 GMT[\r][\n]"
2022-03-28 21:48:29 DEBUG wire:73 -  << "Content-Length: 18[\r][\n]"
2022-03-28 21:48:29 DEBUG wire:73 -  << "[\r][\n]"
2022-03-28 21:48:29 DEBUG DefaultClientConnection:259 - Receiving response: HTTP/1.1 405 Method Not Allowed
2022-03-28 21:48:29 DEBUG headers:262 - << HTTP/1.1 405 Method Not Allowed
2022-03-28 21:48:29 DEBUG headers:265 - << Allow: POST
2022-03-28 21:48:29 DEBUG headers:265 - << Content-Type: text/plain; charset=utf-8
2022-03-28 21:48:29 DEBUG headers:265 - << X-Content-Type-Options: nosniff
2022-03-28 21:48:29 DEBUG headers:265 - << Date: Mon, 28 Mar 2022 16:18:29 GMT
2022-03-28 21:48:29 DEBUG headers:265 - << Content-Length: 18
2022-03-28 21:48:29 DEBUG DefaultHttpClient:504 - Connection can be kept alive indefinitely
2022-03-28 21:48:29 DEBUG RequestSpecificationImpl$RestAssuredHttpBuilder:545 - Parsing response as: text/plain; charset=utf-8
2022-03-28 21:48:29 DEBUG RequestSpecificationImpl$RestAssuredHttpBuilder:548 - Parsed data to instance of: class org.apache.http.conn.EofSensorInputStream
2022-03-28 21:48:29 DEBUG wire:73 -  << "GET Not Supported[\n]"
2022-03-28 21:48:29 DEBUG BasicClientConnectionManager:200 - Releasing connection org.apache.http.impl.conn.ManagedClientConnectionImpl@6c2d4cc6
2022-03-28 21:48:29 DEBUG BasicClientConnectionManager:225 - Connection can be kept alive indefinitely
2022-03-28 21:48:29 INFO  Log:24 - GET NOT SUPPORTED
2022-03-28 21:48:29 INFO  Log:16 - =====================================void Get_request_fail_withNo_job_iD( TEST END=========================================
2022-03-28 21:48:29 DEBUG BasicClientConnectionManager:161 - Get connection for route {}->http://localhost:8088
2022-03-28 21:48:29 DEBUG DefaultClientConnectionOperator:177 - Connecting to localhost:8088
2022-03-28 21:48:29 DEBUG RequestAddCookies:123 - CookieSpec selected: ignoreCookies
2022-03-28 21:48:29 DEBUG RequestAuthCache:77 - Auth cache not set in the context
2022-03-28 21:48:29 DEBUG RequestTargetAuthentication:80 - Target auth state: UNCHALLENGED
2022-03-28 21:48:29 DEBUG RequestProxyAuthentication:89 - Proxy auth state: UNCHALLENGED
2022-03-28 21:48:29 DEBUG DefaultHttpClient:677 - Attempt 1 to execute request
2022-03-28 21:48:29 DEBUG DefaultClientConnection:274 - Sending request: GET /hash/100 HTTP/1.1
2022-03-28 21:48:29 DEBUG wire:73 -  >> "GET /hash/100 HTTP/1.1[\r][\n]"
2022-03-28 21:48:29 DEBUG wire:73 -  >> "Accept: application/json[\r][\n]"
2022-03-28 21:48:29 DEBUG wire:73 -  >> "Content-Type: text/plain; charset=ISO-8859-1[\r][\n]"
2022-03-28 21:48:29 DEBUG wire:73 -  >> "Content-Length: 27[\r][\n]"
2022-03-28 21:48:29 DEBUG wire:73 -  >> "Host: localhost:8088[\r][\n]"
2022-03-28 21:48:29 DEBUG wire:73 -  >> "Connection: Keep-Alive[\r][\n]"
2022-03-28 21:48:29 DEBUG wire:73 -  >> "User-Agent: Apache-HttpClient/4.5.13 (Java/1.8.0_261)[\r][\n]"
2022-03-28 21:48:29 DEBUG wire:73 -  >> "Accept-Encoding: gzip,deflate[\r][\n]"
2022-03-28 21:48:29 DEBUG wire:73 -  >> "[\r][\n]"
2022-03-28 21:48:29 DEBUG headers:278 - >> GET /hash/100 HTTP/1.1
2022-03-28 21:48:29 DEBUG headers:281 - >> Accept: application/json
2022-03-28 21:48:29 DEBUG headers:281 - >> Content-Type: text/plain; charset=ISO-8859-1
2022-03-28 21:48:29 DEBUG headers:281 - >> Content-Length: 27
2022-03-28 21:48:29 DEBUG headers:281 - >> Host: localhost:8088
2022-03-28 21:48:29 DEBUG headers:281 - >> Connection: Keep-Alive
2022-03-28 21:48:29 DEBUG headers:281 - >> User-Agent: Apache-HttpClient/4.5.13 (Java/1.8.0_261)
2022-03-28 21:48:29 DEBUG headers:281 - >> Accept-Encoding: gzip,deflate
2022-03-28 21:48:29 DEBUG wire:87 -  >> "{ "password":"angrymonkey"}"
2022-03-28 21:48:29 DEBUG wire:73 -  << "HTTP/1.1 400 Bad Request[\r][\n]"
2022-03-28 21:48:29 DEBUG wire:73 -  << "Content-Type: text/plain; charset=utf-8[\r][\n]"
2022-03-28 21:48:29 DEBUG wire:73 -  << "X-Content-Type-Options: nosniff[\r][\n]"
2022-03-28 21:48:29 DEBUG wire:73 -  << "Date: Mon, 28 Mar 2022 16:18:29 GMT[\r][\n]"
2022-03-28 21:48:29 DEBUG wire:73 -  << "Content-Length: 15[\r][\n]"
2022-03-28 21:48:29 DEBUG wire:73 -  << "[\r][\n]"
2022-03-28 21:48:29 DEBUG DefaultClientConnection:259 - Receiving response: HTTP/1.1 400 Bad Request
2022-03-28 21:48:29 DEBUG headers:262 - << HTTP/1.1 400 Bad Request
2022-03-28 21:48:29 DEBUG headers:265 - << Content-Type: text/plain; charset=utf-8
2022-03-28 21:48:29 DEBUG headers:265 - << X-Content-Type-Options: nosniff
2022-03-28 21:48:29 DEBUG headers:265 - << Date: Mon, 28 Mar 2022 16:18:29 GMT
2022-03-28 21:48:29 DEBUG headers:265 - << Content-Length: 15
2022-03-28 21:48:29 DEBUG DefaultHttpClient:504 - Connection can be kept alive indefinitely
2022-03-28 21:48:29 DEBUG RequestSpecificationImpl$RestAssuredHttpBuilder:545 - Parsing response as: text/plain; charset=utf-8
2022-03-28 21:48:29 DEBUG RequestSpecificationImpl$RestAssuredHttpBuilder:548 - Parsed data to instance of: class org.apache.http.conn.EofSensorInputStream
2022-03-28 21:48:29 DEBUG wire:73 -  << "Hash not found[\n]"
2022-03-28 21:48:29 DEBUG BasicClientConnectionManager:200 - Releasing connection org.apache.http.impl.conn.ManagedClientConnectionImpl@63034ed1
2022-03-28 21:48:29 DEBUG BasicClientConnectionManager:225 - Connection can be kept alive indefinitely
2022-03-28 21:48:29 INFO  Log:11 - =====================================getStats() TEST START=========================================
2022-03-28 21:48:29 DEBUG BasicClientConnectionManager:161 - Get connection for route {}->http://localhost:8088
2022-03-28 21:48:29 DEBUG DefaultClientConnectionOperator:177 - Connecting to localhost:8088
2022-03-28 21:48:29 DEBUG RequestAddCookies:123 - CookieSpec selected: ignoreCookies
2022-03-28 21:48:29 DEBUG RequestAuthCache:77 - Auth cache not set in the context
2022-03-28 21:48:29 DEBUG RequestTargetAuthentication:80 - Target auth state: UNCHALLENGED
2022-03-28 21:48:29 DEBUG RequestProxyAuthentication:89 - Proxy auth state: UNCHALLENGED
2022-03-28 21:48:29 DEBUG DefaultHttpClient:677 - Attempt 1 to execute request
2022-03-28 21:48:29 DEBUG DefaultClientConnection:274 - Sending request: GET /stats HTTP/1.1
2022-03-28 21:48:29 DEBUG wire:73 -  >> "GET /stats HTTP/1.1[\r][\n]"
2022-03-28 21:48:29 DEBUG wire:73 -  >> "Accept: application/json[\r][\n]"
2022-03-28 21:48:29 DEBUG wire:73 -  >> "Host: localhost:8088[\r][\n]"
2022-03-28 21:48:29 DEBUG wire:73 -  >> "Connection: Keep-Alive[\r][\n]"
2022-03-28 21:48:29 DEBUG wire:73 -  >> "User-Agent: Apache-HttpClient/4.5.13 (Java/1.8.0_261)[\r][\n]"
2022-03-28 21:48:29 DEBUG wire:73 -  >> "Accept-Encoding: gzip,deflate[\r][\n]"
2022-03-28 21:48:29 DEBUG wire:73 -  >> "[\r][\n]"
2022-03-28 21:48:29 DEBUG headers:278 - >> GET /stats HTTP/1.1
2022-03-28 21:48:29 DEBUG headers:281 - >> Accept: application/json
2022-03-28 21:48:29 DEBUG headers:281 - >> Host: localhost:8088
2022-03-28 21:48:29 DEBUG headers:281 - >> Connection: Keep-Alive
2022-03-28 21:48:29 DEBUG headers:281 - >> User-Agent: Apache-HttpClient/4.5.13 (Java/1.8.0_261)
2022-03-28 21:48:29 DEBUG headers:281 - >> Accept-Encoding: gzip,deflate
2022-03-28 21:48:29 DEBUG wire:73 -  << "HTTP/1.1 200 OK[\r][\n]"
2022-03-28 21:48:29 DEBUG wire:73 -  << "Date: Mon, 28 Mar 2022 16:18:29 GMT[\r][\n]"
2022-03-28 21:48:29 DEBUG wire:73 -  << "Content-Length: 40[\r][\n]"
2022-03-28 21:48:29 DEBUG wire:73 -  << "Content-Type: text/plain; charset=utf-8[\r][\n]"
2022-03-28 21:48:29 DEBUG wire:73 -  << "[\r][\n]"
2022-03-28 21:48:29 DEBUG DefaultClientConnection:259 - Receiving response: HTTP/1.1 200 OK
2022-03-28 21:48:29 DEBUG headers:262 - << HTTP/1.1 200 OK
2022-03-28 21:48:29 DEBUG headers:265 - << Date: Mon, 28 Mar 2022 16:18:29 GMT
2022-03-28 21:48:29 DEBUG headers:265 - << Content-Length: 40
2022-03-28 21:48:29 DEBUG headers:265 - << Content-Type: text/plain; charset=utf-8
2022-03-28 21:48:29 DEBUG DefaultHttpClient:504 - Connection can be kept alive indefinitely
2022-03-28 21:48:29 DEBUG RequestSpecificationImpl$RestAssuredHttpBuilder:545 - Parsing response as: text/plain; charset=utf-8
2022-03-28 21:48:29 DEBUG RequestSpecificationImpl$RestAssuredHttpBuilder:548 - Parsed data to instance of: class org.apache.http.conn.EofSensorInputStream
2022-03-28 21:48:29 DEBUG wire:87 -  << "{"TotalRequests":4,"AverageTime":134875}"
2022-03-28 21:48:29 DEBUG BasicClientConnectionManager:200 - Releasing connection org.apache.http.impl.conn.ManagedClientConnectionImpl@38600b
2022-03-28 21:48:29 DEBUG BasicClientConnectionManager:225 - Connection can be kept alive indefinitely
2022-03-28 21:48:30 INFO  Log:24 - RETURNED TOTAL REQUESTS + AVERAGE TIME
2022-03-28 21:48:30 INFO  Log:16 - =====================================getStats() TEST END=========================================
2022-03-28 21:48:30 DEBUG BasicClientConnectionManager:161 - Get connection for route {}->http://localhost:8088
2022-03-28 21:48:30 DEBUG DefaultClientConnectionOperator:177 - Connecting to localhost:8088
2022-03-28 21:48:30 DEBUG RequestAddCookies:123 - CookieSpec selected: ignoreCookies
2022-03-28 21:48:30 DEBUG RequestAuthCache:77 - Auth cache not set in the context
2022-03-28 21:48:30 DEBUG RequestTargetAuthentication:80 - Target auth state: UNCHALLENGED
2022-03-28 21:48:30 DEBUG RequestProxyAuthentication:89 - Proxy auth state: UNCHALLENGED
2022-03-28 21:48:30 DEBUG DefaultHttpClient:677 - Attempt 1 to execute request
2022-03-28 21:48:30 DEBUG DefaultClientConnection:274 - Sending request: POST /hash HTTP/1.1
2022-03-28 21:48:30 DEBUG wire:73 -  >> "POST /hash HTTP/1.1[\r][\n]"
2022-03-28 21:48:30 DEBUG wire:73 -  >> "Accept: application/json[\r][\n]"
2022-03-28 21:48:30 DEBUG wire:73 -  >> "Content-Type: text/plain; charset=ISO-8859-1[\r][\n]"
2022-03-28 21:48:30 DEBUG wire:73 -  >> "Content-Length: 27[\r][\n]"
2022-03-28 21:48:30 DEBUG wire:73 -  >> "Host: localhost:8088[\r][\n]"
2022-03-28 21:48:30 DEBUG wire:73 -  >> "Connection: Keep-Alive[\r][\n]"
2022-03-28 21:48:30 DEBUG wire:73 -  >> "User-Agent: Apache-HttpClient/4.5.13 (Java/1.8.0_261)[\r][\n]"
2022-03-28 21:48:30 DEBUG wire:73 -  >> "Accept-Encoding: gzip,deflate[\r][\n]"
2022-03-28 21:48:30 DEBUG wire:73 -  >> "[\r][\n]"
2022-03-28 21:48:30 DEBUG headers:278 - >> POST /hash HTTP/1.1
2022-03-28 21:48:30 DEBUG headers:281 - >> Accept: application/json
2022-03-28 21:48:30 DEBUG headers:281 - >> Content-Type: text/plain; charset=ISO-8859-1
2022-03-28 21:48:30 DEBUG headers:281 - >> Content-Length: 27
2022-03-28 21:48:30 DEBUG headers:281 - >> Host: localhost:8088
2022-03-28 21:48:30 DEBUG headers:281 - >> Connection: Keep-Alive
2022-03-28 21:48:30 DEBUG headers:281 - >> User-Agent: Apache-HttpClient/4.5.13 (Java/1.8.0_261)
2022-03-28 21:48:30 DEBUG headers:281 - >> Accept-Encoding: gzip,deflate
2022-03-28 21:48:30 DEBUG wire:87 -  >> "{ "password":"angrymonkey"}"
2022-03-28 21:48:35 DEBUG wire:73 -  << "HTTP/1.1 200 OK[\r][\n]"
2022-03-28 21:48:35 DEBUG wire:73 -  << "Date: Mon, 28 Mar 2022 16:18:35 GMT[\r][\n]"
2022-03-28 21:48:35 DEBUG wire:73 -  << "Content-Length: 1[\r][\n]"
2022-03-28 21:48:35 DEBUG wire:73 -  << "Content-Type: text/plain; charset=utf-8[\r][\n]"
2022-03-28 21:48:35 DEBUG wire:73 -  << "[\r][\n]"
2022-03-28 21:48:35 DEBUG DefaultClientConnection:259 - Receiving response: HTTP/1.1 200 OK
2022-03-28 21:48:35 DEBUG headers:262 - << HTTP/1.1 200 OK
2022-03-28 21:48:35 DEBUG headers:265 - << Date: Mon, 28 Mar 2022 16:18:35 GMT
2022-03-28 21:48:35 DEBUG headers:265 - << Content-Length: 1
2022-03-28 21:48:35 DEBUG headers:265 - << Content-Type: text/plain; charset=utf-8
2022-03-28 21:48:35 DEBUG DefaultHttpClient:504 - Connection can be kept alive indefinitely
2022-03-28 21:48:35 DEBUG RequestSpecificationImpl$RestAssuredHttpBuilder:545 - Parsing response as: text/plain; charset=utf-8
2022-03-28 21:48:35 DEBUG RequestSpecificationImpl$RestAssuredHttpBuilder:548 - Parsed data to instance of: class org.apache.http.conn.EofSensorInputStream
2022-03-28 21:48:35 DEBUG wire:87 -  << "5"
2022-03-28 21:48:35 DEBUG BasicClientConnectionManager:200 - Releasing connection org.apache.http.impl.conn.ManagedClientConnectionImpl@6dcd5639
2022-03-28 21:48:35 DEBUG BasicClientConnectionManager:225 - Connection can be kept alive indefinitely
2022-03-28 21:48:35 DEBUG BasicClientConnectionManager:161 - Get connection for route {}->http://localhost:8088
2022-03-28 21:48:35 DEBUG DefaultClientConnectionOperator:177 - Connecting to localhost:8088
2022-03-28 21:48:35 DEBUG RequestAddCookies:123 - CookieSpec selected: ignoreCookies
2022-03-28 21:48:35 DEBUG RequestAuthCache:77 - Auth cache not set in the context
2022-03-28 21:48:35 DEBUG RequestTargetAuthentication:80 - Target auth state: UNCHALLENGED
2022-03-28 21:48:35 DEBUG RequestProxyAuthentication:89 - Proxy auth state: UNCHALLENGED
2022-03-28 21:48:35 DEBUG DefaultHttpClient:677 - Attempt 1 to execute request
2022-03-28 21:48:35 DEBUG DefaultClientConnection:274 - Sending request: POST /hash HTTP/1.1
2022-03-28 21:48:35 DEBUG wire:73 -  >> "POST /hash HTTP/1.1[\r][\n]"
2022-03-28 21:48:35 DEBUG wire:73 -  >> "Accept: application/json[\r][\n]"
2022-03-28 21:48:35 DEBUG wire:73 -  >> "Content-Type: text/plain; charset=ISO-8859-1[\r][\n]"
2022-03-28 21:48:35 DEBUG wire:73 -  >> "Content-Length: 8[\r][\n]"
2022-03-28 21:48:35 DEBUG wire:73 -  >> "Host: localhost:8088[\r][\n]"
2022-03-28 21:48:35 DEBUG wire:73 -  >> "Connection: Keep-Alive[\r][\n]"
2022-03-28 21:48:35 DEBUG wire:73 -  >> "User-Agent: Apache-HttpClient/4.5.13 (Java/1.8.0_261)[\r][\n]"
2022-03-28 21:48:35 DEBUG wire:73 -  >> "Accept-Encoding: gzip,deflate[\r][\n]"
2022-03-28 21:48:35 DEBUG wire:73 -  >> "[\r][\n]"
2022-03-28 21:48:35 DEBUG headers:278 - >> POST /hash HTTP/1.1
2022-03-28 21:48:35 DEBUG headers:281 - >> Accept: application/json
2022-03-28 21:48:35 DEBUG headers:281 - >> Content-Type: text/plain; charset=ISO-8859-1
2022-03-28 21:48:35 DEBUG headers:281 - >> Content-Length: 8
2022-03-28 21:48:35 DEBUG headers:281 - >> Host: localhost:8088
2022-03-28 21:48:35 DEBUG headers:281 - >> Connection: Keep-Alive
2022-03-28 21:48:35 DEBUG headers:281 - >> User-Agent: Apache-HttpClient/4.5.13 (Java/1.8.0_261)
2022-03-28 21:48:35 DEBUG headers:281 - >> Accept-Encoding: gzip,deflate
2022-03-28 21:48:35 DEBUG wire:87 -  >> "shutdown"
2022-03-28 21:48:35 DEBUG wire:73 -  << "HTTP/1.1 200 OK[\r][\n]"
2022-03-28 21:48:35 DEBUG wire:73 -  << "Date: Mon, 28 Mar 2022 16:18:35 GMT[\r][\n]"
2022-03-28 21:48:35 DEBUG wire:73 -  << "Content-Length: 0[\r][\n]"
2022-03-28 21:48:35 DEBUG wire:73 -  << "[\r][\n]"
2022-03-28 21:48:35 DEBUG DefaultClientConnection:259 - Receiving response: HTTP/1.1 200 OK
2022-03-28 21:48:35 DEBUG headers:262 - << HTTP/1.1 200 OK
2022-03-28 21:48:35 DEBUG headers:265 - << Date: Mon, 28 Mar 2022 16:18:35 GMT
2022-03-28 21:48:35 DEBUG headers:265 - << Content-Length: 0
2022-03-28 21:48:35 DEBUG DefaultHttpClient:504 - Connection can be kept alive indefinitely
2022-03-28 21:48:35 DEBUG BasicClientConnectionManager:161 - Get connection for route {}->http://localhost:8088
2022-03-28 21:48:35 DEBUG DefaultClientConnectionOperator:177 - Connecting to localhost:8088
2022-03-28 21:48:35 DEBUG DefaultClientConnectionOperator:198 - Connect to localhost:8088 timed out. Connection will be retried using another IP address
2022-03-28 21:48:35 DEBUG DefaultClientConnectionOperator:177 - Connecting to localhost:8088
2022-03-28 21:48:35 DEBUG DefaultClientConnection:180 - Connection org.apache.http.impl.conn.DefaultClientConnection@42fcc7e6 closed
2022-03-28 21:48:35 DEBUG DefaultClientConnection:164 - Connection org.apache.http.impl.conn.DefaultClientConnection@42fcc7e6 shut down
2022-03-28 21:48:35 DEBUG BasicClientConnectionManager:200 - Releasing connection org.apache.http.impl.conn.ManagedClientConnectionImpl@9255c05
2022-03-28 21:48:35 DEBUG cache:45 - Couldn't find template in cache for "spark/test.ftl"("en", UTF-8, parsed); will try to load it.
2022-03-28 21:48:35 DEBUG cache:45 - TemplateLoader.findTemplateSource("spark/test_en.ftl"): Not found
2022-03-28 21:48:35 DEBUG cache:45 - TemplateLoader.findTemplateSource("spark/test.ftl"): Found
2022-03-28 21:48:35 DEBUG cache:45 - Loading template for "spark/test.ftl"("en", UTF-8, parsed) from "jar:file:/Users/jayashreehemmige/.m2/repository/com/aventstack/extentreports/4.0.9/extentreports-4.0.9.jar!/com/aventstack/extentreports/view/spark/test.ftl"
2022-03-28 21:48:35 DEBUG cache:45 - Couldn't find template in cache for "commons/commons-variables.ftl"("en", UTF-8, parsed); will try to load it.
2022-03-28 21:48:35 DEBUG cache:45 - TemplateLoader.findTemplateSource("commons/commons-variables_en.ftl"): Not found
2022-03-28 21:48:35 DEBUG cache:45 - TemplateLoader.findTemplateSource("commons/commons-variables.ftl"): Found
2022-03-28 21:48:35 DEBUG cache:45 - Loading template for "commons/commons-variables.ftl"("en", UTF-8, parsed) from "jar:file:/Users/jayashreehemmige/.m2/repository/com/aventstack/extentreports/4.0.9/extentreports-4.0.9.jar!/com/aventstack/extentreports/view/commons/commons-variables.ftl"
2022-03-28 21:48:35 DEBUG DefaultClientConnection:180 - Connection 0.0.0.0:52018<->127.0.0.1:8088 closed
2022-03-28 21:48:35 DEBUG DefaultClientConnection:180 - Connection 0.0.0.0:52023<->127.0.0.1:8088 closed
2022-03-28 21:48:35 DEBUG DefaultClientConnection:180 - Connection 0.0.0.0:51969<->127.0.0.1:8088 closed
2022-03-28 21:48:35 DEBUG DefaultClientConnection:180 - Connection 0.0.0.0:52004<->127.0.0.1:8088 closed
2022-03-28 21:48:35 DEBUG DefaultClientConnection:180 - Connection 0.0.0.0:52005<->127.0.0.1:8088 closed
2022-03-28 21:48:35 DEBUG cache:45 - Couldn't find template in cache for "commons/commons-macros.ftl"("en", UTF-8, parsed); will try to load it.
2022-03-28 21:48:35 DEBUG cache:45 - TemplateLoader.findTemplateSource("commons/commons-macros_en.ftl"): Not found
2022-03-28 21:48:35 DEBUG cache:45 - TemplateLoader.findTemplateSource("commons/commons-macros.ftl"): Found
2022-03-28 21:48:35 DEBUG cache:45 - Loading template for "commons/commons-macros.ftl"("en", UTF-8, parsed) from "jar:file:/Users/jayashreehemmige/.m2/repository/com/aventstack/extentreports/4.0.9/extentreports-4.0.9.jar!/com/aventstack/extentreports/view/commons/commons-macros.ftl"
2022-03-28 21:48:35 DEBUG cache:45 - Couldn't find template in cache for "spark/macros/attributes.ftl"("en", UTF-8, parsed); will try to load it.
2022-03-28 21:48:35 DEBUG cache:45 - TemplateLoader.findTemplateSource("spark/macros/attributes_en.ftl"): Not found
2022-03-28 21:48:35 DEBUG cache:45 - TemplateLoader.findTemplateSource("spark/macros/attributes.ftl"): Found
2022-03-28 21:48:35 DEBUG cache:45 - Loading template for "spark/macros/attributes.ftl"("en", UTF-8, parsed) from "jar:file:/Users/jayashreehemmige/.m2/repository/com/aventstack/extentreports/4.0.9/extentreports-4.0.9.jar!/com/aventstack/extentreports/view/spark/macros/attributes.ftl"
2022-03-28 21:48:36 DEBUG cache:45 - Couldn't find template in cache for "spark/macros/log.ftl"("en", UTF-8, parsed); will try to load it.
2022-03-28 21:48:36 DEBUG cache:45 - TemplateLoader.findTemplateSource("spark/macros/log_en.ftl"): Not found
2022-03-28 21:48:36 DEBUG cache:45 - TemplateLoader.findTemplateSource("spark/macros/log.ftl"): Found
2022-03-28 21:48:36 DEBUG cache:45 - Loading template for "spark/macros/log.ftl"("en", UTF-8, parsed) from "jar:file:/Users/jayashreehemmige/.m2/repository/com/aventstack/extentreports/4.0.9/extentreports-4.0.9.jar!/com/aventstack/extentreports/view/spark/macros/log.ftl"
2022-03-28 21:48:36 DEBUG cache:45 - Couldn't find template in cache for "spark/macros/recurse_nodes.ftl"("en", UTF-8, parsed); will try to load it.
2022-03-28 21:48:36 DEBUG cache:45 - TemplateLoader.findTemplateSource("spark/macros/recurse_nodes_en.ftl"): Not found
2022-03-28 21:48:36 DEBUG cache:45 - TemplateLoader.findTemplateSource("spark/macros/recurse_nodes.ftl"): Found
2022-03-28 21:48:36 DEBUG cache:45 - Loading template for "spark/macros/recurse_nodes.ftl"("en", UTF-8, parsed) from "jar:file:/Users/jayashreehemmige/.m2/repository/com/aventstack/extentreports/4.0.9/extentreports-4.0.9.jar!/com/aventstack/extentreports/view/spark/macros/recurse_nodes.ftl"
2022-03-28 21:48:36 DEBUG cache:45 - "spark/macros/log.ftl"("en", UTF-8, parsed) cached copy not yet stale; using cached.
2022-03-28 21:48:36 DEBUG cache:45 - Couldn't find template in cache for "spark/partials/head.ftl"("en", UTF-8, parsed); will try to load it.
2022-03-28 21:48:36 DEBUG cache:45 - TemplateLoader.findTemplateSource("spark/partials/head_en.ftl"): Not found
2022-03-28 21:48:36 DEBUG cache:45 - TemplateLoader.findTemplateSource("spark/partials/head.ftl"): Found
2022-03-28 21:48:36 DEBUG cache:45 - Loading template for "spark/partials/head.ftl"("en", UTF-8, parsed) from "jar:file:/Users/jayashreehemmige/.m2/repository/com/aventstack/extentreports/4.0.9/extentreports-4.0.9.jar!/com/aventstack/extentreports/view/spark/partials/head.ftl"
2022-03-28 21:48:36 DEBUG cache:45 - Couldn't find template in cache for "commons/commons-inject-css.ftl"("en", UTF-8, parsed); will try to load it.
2022-03-28 21:48:36 DEBUG cache:45 - TemplateLoader.findTemplateSource("commons/commons-inject-css_en.ftl"): Not found
2022-03-28 21:48:36 DEBUG cache:45 - TemplateLoader.findTemplateSource("commons/commons-inject-css.ftl"): Found
2022-03-28 21:48:36 DEBUG cache:45 - Loading template for "commons/commons-inject-css.ftl"("en", UTF-8, parsed) from "jar:file:/Users/jayashreehemmige/.m2/repository/com/aventstack/extentreports/4.0.9/extentreports-4.0.9.jar!/com/aventstack/extentreports/view/commons/commons-inject-css.ftl"
2022-03-28 21:48:36 DEBUG cache:45 - Couldn't find template in cache for "spark/partials/navbar.ftl"("en", UTF-8, parsed); will try to load it.
2022-03-28 21:48:36 DEBUG cache:45 - TemplateLoader.findTemplateSource("spark/partials/navbar_en.ftl"): Not found
2022-03-28 21:48:36 DEBUG cache:45 - TemplateLoader.findTemplateSource("spark/partials/navbar.ftl"): Found
2022-03-28 21:48:36 DEBUG cache:45 - Loading template for "spark/partials/navbar.ftl"("en", UTF-8, parsed) from "jar:file:/Users/jayashreehemmige/.m2/repository/com/aventstack/extentreports/4.0.9/extentreports-4.0.9.jar!/com/aventstack/extentreports/view/spark/partials/navbar.ftl"
2022-03-28 21:48:36 DEBUG cache:45 - Couldn't find template in cache for "spark/partials/sidenav.ftl"("en", UTF-8, parsed); will try to load it.
2022-03-28 21:48:36 DEBUG cache:45 - TemplateLoader.findTemplateSource("spark/partials/sidenav_en.ftl"): Not found
2022-03-28 21:48:36 DEBUG cache:45 - TemplateLoader.findTemplateSource("spark/partials/sidenav.ftl"): Found
2022-03-28 21:48:36 DEBUG cache:45 - Loading template for "spark/partials/sidenav.ftl"("en", UTF-8, parsed) from "jar:file:/Users/jayashreehemmige/.m2/repository/com/aventstack/extentreports/4.0.9/extentreports-4.0.9.jar!/com/aventstack/extentreports/view/spark/partials/sidenav.ftl"
2022-03-28 21:48:36 DEBUG cache:45 - Couldn't find template in cache for "spark/partials/standard-content.ftl"("en", UTF-8, parsed); will try to load it.
2022-03-28 21:48:36 DEBUG cache:45 - TemplateLoader.findTemplateSource("spark/partials/standard-content_en.ftl"): Not found
2022-03-28 21:48:36 DEBUG cache:45 - TemplateLoader.findTemplateSource("spark/partials/standard-content.ftl"): Found
2022-03-28 21:48:36 DEBUG cache:45 - Loading template for "spark/partials/standard-content.ftl"("en", UTF-8, parsed) from "jar:file:/Users/jayashreehemmige/.m2/repository/com/aventstack/extentreports/4.0.9/extentreports-4.0.9.jar!/com/aventstack/extentreports/view/spark/partials/standard-content.ftl"
2022-03-28 21:48:36 DEBUG cache:45 - "spark/partials/standard-content.ftl"("en", UTF-8, parsed) cached copy not yet stale; using cached.
2022-03-28 21:48:36 DEBUG cache:45 - "spark/partials/standard-content.ftl"("en", UTF-8, parsed) cached copy not yet stale; using cached.
2022-03-28 21:48:36 DEBUG cache:45 - "spark/partials/standard-content.ftl"("en", UTF-8, parsed) cached copy not yet stale; using cached.
2022-03-28 21:48:36 DEBUG cache:45 - "spark/partials/standard-content.ftl"("en", UTF-8, parsed) cached copy not yet stale; using cached.
2022-03-28 21:48:36 DEBUG cache:45 - "spark/partials/standard-content.ftl"("en", UTF-8, parsed) cached copy not yet stale; using cached.
2022-03-28 21:48:36 DEBUG cache:45 - "spark/partials/standard-content.ftl"("en", UTF-8, parsed) cached copy not yet stale; using cached.
2022-03-28 21:48:36 DEBUG cache:45 - "spark/partials/standard-content.ftl"("en", UTF-8, parsed) cached copy not yet stale; using cached.
2022-03-28 21:48:36 DEBUG cache:45 - "spark/partials/standard-content.ftl"("en", UTF-8, parsed) cached copy not yet stale; using cached.
2022-03-28 21:48:36 DEBUG cache:45 - "spark/partials/standard-content.ftl"("en", UTF-8, parsed) cached copy not yet stale; using cached.
2022-03-28 21:48:36 DEBUG cache:45 - Couldn't find template in cache for "spark/partials/scripts.ftl"("en", UTF-8, parsed); will try to load it.
2022-03-28 21:48:36 DEBUG cache:45 - TemplateLoader.findTemplateSource("spark/partials/scripts_en.ftl"): Not found
2022-03-28 21:48:36 DEBUG cache:45 - TemplateLoader.findTemplateSource("spark/partials/scripts.ftl"): Found
2022-03-28 21:48:36 DEBUG cache:45 - Loading template for "spark/partials/scripts.ftl"("en", UTF-8, parsed) from "jar:file:/Users/jayashreehemmige/.m2/repository/com/aventstack/extentreports/4.0.9/extentreports-4.0.9.jar!/com/aventstack/extentreports/view/spark/partials/scripts.ftl"
2022-03-28 21:48:36 DEBUG cache:45 - Couldn't find template in cache for "spark/dashboard.ftl"("en", UTF-8, parsed); will try to load it.
2022-03-28 21:48:36 DEBUG cache:45 - TemplateLoader.findTemplateSource("spark/dashboard_en.ftl"): Not found
2022-03-28 21:48:36 DEBUG cache:45 - TemplateLoader.findTemplateSource("spark/dashboard.ftl"): Found
2022-03-28 21:48:36 DEBUG cache:45 - Loading template for "spark/dashboard.ftl"("en", UTF-8, parsed) from "jar:file:/Users/jayashreehemmige/.m2/repository/com/aventstack/extentreports/4.0.9/extentreports-4.0.9.jar!/com/aventstack/extentreports/view/spark/dashboard.ftl"
2022-03-28 21:48:36 DEBUG cache:45 - Couldn't find template in cache for "commons/commons-variables.ftl"("en", UTF-8, parsed); will try to load it.
2022-03-28 21:48:36 DEBUG cache:45 - TemplateLoader.findTemplateSource("commons/commons-variables_en.ftl"): Not found
2022-03-28 21:48:36 DEBUG cache:45 - TemplateLoader.findTemplateSource("commons/commons-variables.ftl"): Found
2022-03-28 21:48:36 DEBUG cache:45 - Loading template for "commons/commons-variables.ftl"("en", UTF-8, parsed) from "jar:file:/Users/jayashreehemmige/.m2/repository/com/aventstack/extentreports/4.0.9/extentreports-4.0.9.jar!/com/aventstack/extentreports/view/commons/commons-variables.ftl"
2022-03-28 21:48:36 DEBUG cache:45 - Couldn't find template in cache for "spark/partials/head.ftl"("en", UTF-8, parsed); will try to load it.
2022-03-28 21:48:36 DEBUG cache:45 - TemplateLoader.findTemplateSource("spark/partials/head_en.ftl"): Not found
2022-03-28 21:48:36 DEBUG cache:45 - TemplateLoader.findTemplateSource("spark/partials/head.ftl"): Found
2022-03-28 21:48:36 DEBUG cache:45 - Loading template for "spark/partials/head.ftl"("en", UTF-8, parsed) from "jar:file:/Users/jayashreehemmige/.m2/repository/com/aventstack/extentreports/4.0.9/extentreports-4.0.9.jar!/com/aventstack/extentreports/view/spark/partials/head.ftl"
2022-03-28 21:48:36 DEBUG cache:45 - Couldn't find template in cache for "commons/commons-inject-css.ftl"("en", UTF-8, parsed); will try to load it.
2022-03-28 21:48:36 DEBUG cache:45 - TemplateLoader.findTemplateSource("commons/commons-inject-css_en.ftl"): Not found
2022-03-28 21:48:36 DEBUG cache:45 - TemplateLoader.findTemplateSource("commons/commons-inject-css.ftl"): Found
2022-03-28 21:48:36 DEBUG cache:45 - Loading template for "commons/commons-inject-css.ftl"("en", UTF-8, parsed) from "jar:file:/Users/jayashreehemmige/.m2/repository/com/aventstack/extentreports/4.0.9/extentreports-4.0.9.jar!/com/aventstack/extentreports/view/commons/commons-inject-css.ftl"
2022-03-28 21:48:36 DEBUG cache:45 - Couldn't find template in cache for "spark/partials/navbar.ftl"("en", UTF-8, parsed); will try to load it.
2022-03-28 21:48:36 DEBUG cache:45 - TemplateLoader.findTemplateSource("spark/partials/navbar_en.ftl"): Not found
2022-03-28 21:48:36 DEBUG cache:45 - TemplateLoader.findTemplateSource("spark/partials/navbar.ftl"): Found
2022-03-28 21:48:36 DEBUG cache:45 - Loading template for "spark/partials/navbar.ftl"("en", UTF-8, parsed) from "jar:file:/Users/jayashreehemmige/.m2/repository/com/aventstack/extentreports/4.0.9/extentreports-4.0.9.jar!/com/aventstack/extentreports/view/spark/partials/navbar.ftl"
2022-03-28 21:48:36 DEBUG cache:45 - Couldn't find template in cache for "spark/partials/sidenav.ftl"("en", UTF-8, parsed); will try to load it.
2022-03-28 21:48:36 DEBUG cache:45 - TemplateLoader.findTemplateSource("spark/partials/sidenav_en.ftl"): Not found
2022-03-28 21:48:36 DEBUG cache:45 - TemplateLoader.findTemplateSource("spark/partials/sidenav.ftl"): Found
2022-03-28 21:48:36 DEBUG cache:45 - Loading template for "spark/partials/sidenav.ftl"("en", UTF-8, parsed) from "jar:file:/Users/jayashreehemmige/.m2/repository/com/aventstack/extentreports/4.0.9/extentreports-4.0.9.jar!/com/aventstack/extentreports/view/spark/partials/sidenav.ftl"
2022-03-28 21:48:36 DEBUG cache:45 - Couldn't find template in cache for "spark/partials/scripts.ftl"("en", UTF-8, parsed); will try to load it.
2022-03-28 21:48:36 DEBUG cache:45 - TemplateLoader.findTemplateSource("spark/partials/scripts_en.ftl"): Not found
2022-03-28 21:48:36 DEBUG cache:45 - TemplateLoader.findTemplateSource("spark/partials/scripts.ftl"): Found
2022-03-28 21:48:36 DEBUG cache:45 - Loading template for "spark/partials/scripts.ftl"("en", UTF-8, parsed) from "jar:file:/Users/jayashreehemmige/.m2/repository/com/aventstack/extentreports/4.0.9/extentreports-4.0.9.jar!/com/aventstack/extentreports/view/spark/partials/scripts.ftl"
